<?xml version="1.0" encoding="UTF-8" ?>
<testsuite failures="0" time="8.61" errors="1" skipped="0" tests="1" name="org.gaddiel.model.AbstractSystemUsersTest">
  <properties>
    <property name="java.runtime.name" value="Java(TM) SE Runtime Environment"/>
    <property name="sun.boot.library.path" value="D:\Program Files\Java\jre7\bin"/>
    <property name="java.vm.version" value="23.1-b03"/>
    <property name="java.vm.vendor" value="Oracle Corporation"/>
    <property name="java.vendor.url" value="http://java.oracle.com/"/>
    <property name="path.separator" value=";"/>
    <property name="java.vm.name" value="Java HotSpot(TM) Client VM"/>
    <property name="file.encoding.pkg" value="sun.io"/>
    <property name="user.script" value=""/>
    <property name="user.country" value="US"/>
    <property name="sun.java.launcher" value="SUN_STANDARD"/>
    <property name="sun.os.patch.level" value=""/>
    <property name="java.vm.specification.name" value="Java Virtual Machine Specification"/>
    <property name="user.dir" value="D:\Eclipse Workspace\CARE"/>
    <property name="java.runtime.version" value="1.7.0_05-b06"/>
    <property name="java.awt.graphicsenv" value="sun.awt.Win32GraphicsEnvironment"/>
    <property name="basedir" value="D:\Eclipse Workspace\CARE"/>
    <property name="java.endorsed.dirs" value="D:\Program Files\Java\jre7\lib\endorsed"/>
    <property name="os.arch" value="x86"/>
    <property name="surefire.real.class.path" value="D:\Eclipse Workspace\CARE\target\surefire\surefirebooter5056763016779573282.jar"/>
    <property name="java.io.tmpdir" value="C:\Users\victor\AppData\Local\Temp\"/>
    <property name="line.separator" value="
"/>
    <property name="java.vm.specification.vendor" value="Oracle Corporation"/>
    <property name="user.variant" value=""/>
    <property name="os.name" value="Windows 7"/>
    <property name="sun.jnu.encoding" value="Cp1252"/>
    <property name="java.library.path" value="D:\Program Files\Java\jre7\bin;C:\Windows\Sun\Java\bin;C:\Windows\system32;C:\Windows;D:/Program Files/Java/jre7/bin/client;D:/Program Files/Java/jre7/bin;D:/Program Files/Java/jre7/lib/i386;C:\Windows\system32;C:\Windows;C:\Windows\System32\Wbem;C:\Windows\System32\WindowsPowerShell\v1.0\;C:\Program Files\TortoiseSVN\bin;d:\Program Files\Microsoft SQL Server\90\Tools\binn\;C:\Program Files\Microsoft Visual Studio 8\Common7\IDE\PrivateAssemblies\;d:\Program Files\Microsoft SQL Server\90\DTS\Binn\;d:\Program Files\Microsoft SQL Server\90\Tools\Binn\VSShell\Common7\IDE\;C:\Program Files\Lenovo\Bluetooth Software\;F:\softwares\eclipse\eclipse;;."/>
    <property name="surefire.test.class.path" value="D:\Eclipse Workspace\CARE\target\test-classes;D:\Eclipse Workspace\CARE\target\classes;C:\Users\victor\.m2\repository\javax\servlet\servlet-api\2.5\servlet-api-2.5.jar;C:\Users\victor\.m2\repository\org\springframework\spring-beans\3.0.6.RELEASE\spring-beans-3.0.6.RELEASE.jar;C:\Users\victor\.m2\repository\org\springframework\spring-jdbc\3.0.6.RELEASE\spring-jdbc-3.0.6.RELEASE.jar;C:\Users\victor\.m2\repository\org\springframework\spring-web\3.0.6.RELEASE\spring-web-3.0.6.RELEASE.jar;C:\Users\victor\.m2\repository\aopalliance\aopalliance\1.0\aopalliance-1.0.jar;C:\Users\victor\.m2\repository\org\springframework\spring-webmvc\3.0.6.RELEASE\spring-webmvc-3.0.6.RELEASE.jar;C:\Users\victor\.m2\repository\org\springframework\spring-asm\3.0.6.RELEASE\spring-asm-3.0.6.RELEASE.jar;C:\Users\victor\.m2\repository\org\springframework\spring-context-support\3.0.6.RELEASE\spring-context-support-3.0.6.RELEASE.jar;C:\Users\victor\.m2\repository\org\springframework\spring-expression\3.0.6.RELEASE\spring-expression-3.0.6.RELEASE.jar;C:\Users\victor\.m2\repository\org\springframework\spring-orm\3.0.6.RELEASE\spring-orm-3.0.6.RELEASE.jar;C:\Users\victor\.m2\repository\org\springframework\spring-context\3.0.6.RELEASE\spring-context-3.0.6.RELEASE.jar;C:\Users\victor\.m2\repository\org\springframework\spring-tx\3.0.6.RELEASE\spring-tx-3.0.6.RELEASE.jar;C:\Users\victor\.m2\repository\org\springframework\spring-aop\3.0.6.RELEASE\spring-aop-3.0.6.RELEASE.jar;C:\Users\victor\.m2\repository\org\springframework\spring-core\3.0.6.RELEASE\spring-core-3.0.6.RELEASE.jar;C:\Users\victor\.m2\repository\org\hibernate\hibernate-entitymanager\3.6.1.Final\hibernate-entitymanager-3.6.1.Final.jar;C:\Users\victor\.m2\repository\org\hibernate\hibernate-core\3.6.1.Final\hibernate-core-3.6.1.Final.jar;C:\Users\victor\.m2\repository\antlr\antlr\2.7.6\antlr-2.7.6.jar;C:\Users\victor\.m2\repository\dom4j\dom4j\1.6.1\dom4j-1.6.1.jar;C:\Users\victor\.m2\repository\org\hibernate\hibernate-commons-annotations\3.2.0.Final\hibernate-commons-annotations-3.2.0.Final.jar;C:\Users\victor\.m2\repository\javax\transaction\jta\1.1\jta-1.1.jar;C:\Users\victor\.m2\repository\cglib\cglib\2.2\cglib-2.2.jar;C:\Users\victor\.m2\repository\asm\asm\3.1\asm-3.1.jar;C:\Users\victor\.m2\repository\javassist\javassist\3.12.0.GA\javassist-3.12.0.GA.jar;C:\Users\victor\.m2\repository\org\hibernate\javax\persistence\hibernate-jpa-2.0-api\1.0.0.Final\hibernate-jpa-2.0-api-1.0.0.Final.jar;C:\Users\victor\.m2\repository\org\slf4j\slf4j-api\1.6.1\slf4j-api-1.6.1.jar;C:\Users\victor\.m2\repository\taglibs\standard\1.1.2\standard-1.1.2.jar;C:\Users\victor\.m2\repository\javax\servlet\jstl\1.1.2\jstl-1.1.2.jar;C:\Users\victor\.m2\repository\mysql\mysql-connector-java\5.1.10\mysql-connector-java-5.1.10.jar;C:\Users\victor\.m2\repository\commons-dbcp\commons-dbcp\20030825.184428\commons-dbcp-20030825.184428.jar;C:\Users\victor\.m2\repository\commons-pool\commons-pool\20030825.183949\commons-pool-20030825.183949.jar;C:\Users\victor\.m2\repository\org\hibernate\hibernate-annotations\3.3.0.ga\hibernate-annotations-3.3.0.ga.jar;C:\Users\victor\.m2\repository\org\hibernate\hibernate\3.2.1.ga\hibernate-3.2.1.ga.jar;C:\Users\victor\.m2\repository\net\sf\ehcache\ehcache\1.2.3\ehcache-1.2.3.jar;C:\Users\victor\.m2\repository\asm\asm-attrs\1.5.3\asm-attrs-1.5.3.jar;C:\Users\victor\.m2\repository\javax\persistence\persistence-api\1.0\persistence-api-1.0.jar;C:\Users\victor\.m2\repository\org\apache\geronimo\specs\geronimo-validation_1.0_spec\1.0-CR5\geronimo-validation_1.0_spec-1.0-CR5.jar;C:\Users\victor\.m2\repository\org\hibernate\hibernate-validator\4.0.2.GA\hibernate-validator-4.0.2.GA.jar;C:\Users\victor\.m2\repository\javax\validation\validation-api\1.0.0.GA\validation-api-1.0.0.GA.jar;C:\Users\victor\.m2\repository\com\oracle\ojdbc14\10.2.0.2.0\ojdbc14-10.2.0.2.0.jar;C:\Users\victor\.m2\repository\log4j\log4j\1.2.9\log4j-1.2.9.jar;C:\Users\victor\.m2\repository\org\apache\struts\struts2-tiles-plugin\2.2.3.1\struts2-tiles-plugin-2.2.3.1.jar;C:\Users\victor\.m2\repository\org\apache\struts\struts2-core\2.2.3.1\struts2-core-2.2.3.1.jar;C:\Users\victor\.m2\repository\org\apache\struts\xwork\xwork-core\2.2.3.1\xwork-core-2.2.3.1.jar;C:\Users\victor\.m2\repository\commons-lang\commons-lang\2.5\commons-lang-2.5.jar;C:\Users\victor\.m2\repository\asm\asm-commons\3.1\asm-commons-3.1.jar;C:\Users\victor\.m2\repository\asm\asm-tree\3.1\asm-tree-3.1.jar;C:\Users\victor\.m2\repository\org\freemarker\freemarker\2.3.16\freemarker-2.3.16.jar;C:\Users\victor\.m2\repository\ognl\ognl\3.0.1\ognl-3.0.1.jar;C:\Users\victor\.m2\repository\commons-fileupload\commons-fileupload\1.2.2\commons-fileupload-1.2.2.jar;C:\Users\victor\.m2\repository\commons-io\commons-io\2.0.1\commons-io-2.0.1.jar;C:\Users\victor\.m2\repository\org\apache\tiles\tiles-core\2.1.4\tiles-core-2.1.4.jar;C:\Users\victor\.m2\repository\org\apache\tiles\tiles-api\2.1.4\tiles-api-2.1.4.jar;C:\Users\victor\.m2\repository\commons-logging\commons-logging-api\1.1\commons-logging-api-1.1.jar;C:\Users\victor\.m2\repository\org\apache\tiles\tiles-jsp\2.1.4\tiles-jsp-2.1.4.jar;C:\Users\victor\.m2\repository\org\apache\tiles\tiles-servlet\2.1.4\tiles-servlet-2.1.4.jar;C:\Users\victor\.m2\repository\net\sf\jasperreports\jasperreports\3.7.6\jasperreports-3.7.6.jar;C:\Users\victor\.m2\repository\com\lowagie\itext\2.1.7\itext-2.1.7.jar;C:\Users\victor\.m2\repository\bouncycastle\bcmail-jdk14\138\bcmail-jdk14-138.jar;C:\Users\victor\.m2\repository\bouncycastle\bcprov-jdk14\138\bcprov-jdk14-138.jar;C:\Users\victor\.m2\repository\org\bouncycastle\bctsp-jdk14\1.38\bctsp-jdk14-1.38.jar;C:\Users\victor\.m2\repository\org\bouncycastle\bcprov-jdk14\1.38\bcprov-jdk14-1.38.jar;C:\Users\victor\.m2\repository\org\bouncycastle\bcmail-jdk14\1.38\bcmail-jdk14-1.38.jar;C:\Users\victor\.m2\repository\jfree\jcommon\1.0.15\jcommon-1.0.15.jar;C:\Users\victor\.m2\repository\jfree\jfreechart\1.0.12\jfreechart-1.0.12.jar;C:\Users\victor\.m2\repository\xml-apis\xml-apis\1.3.02\xml-apis-1.3.02.jar;C:\Users\victor\.m2\repository\eclipse\jdtcore\3.1.0\jdtcore-3.1.0.jar;C:\Users\victor\.m2\repository\org\apache\poi\poi\3.6\poi-3.6.jar;C:\Users\victor\.m2\repository\commons-logging\commons-logging\1.1\commons-logging-1.1.jar;C:\Users\victor\.m2\repository\logkit\logkit\1.0.1\logkit-1.0.1.jar;C:\Users\victor\.m2\repository\avalon-framework\avalon-framework\4.1.3\avalon-framework-4.1.3.jar;C:\Users\victor\.m2\repository\org\springframework\data\spring-data-jpa\1.0.1.RELEASE\spring-data-jpa-1.0.1.RELEASE.jar;C:\Users\victor\.m2\repository\org\springframework\data\spring-data-commons-core\1.1.0.RELEASE\spring-data-commons-core-1.1.0.RELEASE.jar;C:\Users\victor\.m2\repository\org\slf4j\jcl-over-slf4j\1.6.1\jcl-over-slf4j-1.6.1.jar;C:\Users\victor\.m2\repository\org\aspectj\aspectjrt\1.6.8\aspectjrt-1.6.8.jar;C:\Users\victor\.m2\repository\org\junit\com.springsource.org.junit\4.7.0\com.springsource.org.junit-4.7.0.jar;C:\Users\victor\.m2\repository\org\springframework\org.springframework.test\3.0.6.RELEASE\org.springframework.test-3.0.6.RELEASE.jar;C:\Users\victor\.m2\repository\javax\transaction\com.springsource.javax.transaction\1.1.0\com.springsource.javax.transaction-1.1.0.jar;C:\Users\victor\.m2\repository\ar\com\fdvs\DynamicJasper\3.1.2\DynamicJasper-3.1.2.jar;C:\Users\victor\.m2\repository\junit\junit\4.8.1\junit-4.8.1.jar;C:\Users\victor\.m2\repository\commons-digester\commons-digester\2.1\commons-digester-2.1.jar;C:\Users\victor\.m2\repository\commons-beanutils\commons-beanutils\1.8.3\commons-beanutils-1.8.3.jar;C:\Users\victor\.m2\repository\commons-collections\commons-collections\3.2.1\commons-collections-3.2.1.jar;C:\Users\victor\.m2\repository\org\codehaus\jackson\jackson-jaxrs\1.6.3\jackson-jaxrs-1.6.3.jar;C:\Users\victor\.m2\repository\org\codehaus\jackson\jackson-core-asl\1.6.3\jackson-core-asl-1.6.3.jar;C:\Users\victor\.m2\repository\org\codehaus\jackson\jackson-mapper-asl\1.6.3\jackson-mapper-asl-1.6.3.jar;"/>
    <property name="java.specification.name" value="Java Platform API Specification"/>
    <property name="java.class.version" value="51.0"/>
    <property name="sun.management.compiler" value="HotSpot Client Compiler"/>
    <property name="os.version" value="6.1"/>
    <property name="user.home" value="C:\Users\victor"/>
    <property name="user.timezone" value="Asia/Calcutta"/>
    <property name="java.awt.printerjob" value="sun.awt.windows.WPrinterJob"/>
    <property name="java.specification.version" value="1.7"/>
    <property name="file.encoding" value="Cp1252"/>
    <property name="user.name" value="victor"/>
    <property name="java.class.path" value="D:\Eclipse Workspace\CARE\target\test-classes;D:\Eclipse Workspace\CARE\target\classes;C:\Users\victor\.m2\repository\javax\servlet\servlet-api\2.5\servlet-api-2.5.jar;C:\Users\victor\.m2\repository\org\springframework\spring-beans\3.0.6.RELEASE\spring-beans-3.0.6.RELEASE.jar;C:\Users\victor\.m2\repository\org\springframework\spring-jdbc\3.0.6.RELEASE\spring-jdbc-3.0.6.RELEASE.jar;C:\Users\victor\.m2\repository\org\springframework\spring-web\3.0.6.RELEASE\spring-web-3.0.6.RELEASE.jar;C:\Users\victor\.m2\repository\aopalliance\aopalliance\1.0\aopalliance-1.0.jar;C:\Users\victor\.m2\repository\org\springframework\spring-webmvc\3.0.6.RELEASE\spring-webmvc-3.0.6.RELEASE.jar;C:\Users\victor\.m2\repository\org\springframework\spring-asm\3.0.6.RELEASE\spring-asm-3.0.6.RELEASE.jar;C:\Users\victor\.m2\repository\org\springframework\spring-context-support\3.0.6.RELEASE\spring-context-support-3.0.6.RELEASE.jar;C:\Users\victor\.m2\repository\org\springframework\spring-expression\3.0.6.RELEASE\spring-expression-3.0.6.RELEASE.jar;C:\Users\victor\.m2\repository\org\springframework\spring-orm\3.0.6.RELEASE\spring-orm-3.0.6.RELEASE.jar;C:\Users\victor\.m2\repository\org\springframework\spring-context\3.0.6.RELEASE\spring-context-3.0.6.RELEASE.jar;C:\Users\victor\.m2\repository\org\springframework\spring-tx\3.0.6.RELEASE\spring-tx-3.0.6.RELEASE.jar;C:\Users\victor\.m2\repository\org\springframework\spring-aop\3.0.6.RELEASE\spring-aop-3.0.6.RELEASE.jar;C:\Users\victor\.m2\repository\org\springframework\spring-core\3.0.6.RELEASE\spring-core-3.0.6.RELEASE.jar;C:\Users\victor\.m2\repository\org\hibernate\hibernate-entitymanager\3.6.1.Final\hibernate-entitymanager-3.6.1.Final.jar;C:\Users\victor\.m2\repository\org\hibernate\hibernate-core\3.6.1.Final\hibernate-core-3.6.1.Final.jar;C:\Users\victor\.m2\repository\antlr\antlr\2.7.6\antlr-2.7.6.jar;C:\Users\victor\.m2\repository\dom4j\dom4j\1.6.1\dom4j-1.6.1.jar;C:\Users\victor\.m2\repository\org\hibernate\hibernate-commons-annotations\3.2.0.Final\hibernate-commons-annotations-3.2.0.Final.jar;C:\Users\victor\.m2\repository\javax\transaction\jta\1.1\jta-1.1.jar;C:\Users\victor\.m2\repository\cglib\cglib\2.2\cglib-2.2.jar;C:\Users\victor\.m2\repository\asm\asm\3.1\asm-3.1.jar;C:\Users\victor\.m2\repository\javassist\javassist\3.12.0.GA\javassist-3.12.0.GA.jar;C:\Users\victor\.m2\repository\org\hibernate\javax\persistence\hibernate-jpa-2.0-api\1.0.0.Final\hibernate-jpa-2.0-api-1.0.0.Final.jar;C:\Users\victor\.m2\repository\org\slf4j\slf4j-api\1.6.1\slf4j-api-1.6.1.jar;C:\Users\victor\.m2\repository\taglibs\standard\1.1.2\standard-1.1.2.jar;C:\Users\victor\.m2\repository\javax\servlet\jstl\1.1.2\jstl-1.1.2.jar;C:\Users\victor\.m2\repository\mysql\mysql-connector-java\5.1.10\mysql-connector-java-5.1.10.jar;C:\Users\victor\.m2\repository\commons-dbcp\commons-dbcp\20030825.184428\commons-dbcp-20030825.184428.jar;C:\Users\victor\.m2\repository\commons-pool\commons-pool\20030825.183949\commons-pool-20030825.183949.jar;C:\Users\victor\.m2\repository\org\hibernate\hibernate-annotations\3.3.0.ga\hibernate-annotations-3.3.0.ga.jar;C:\Users\victor\.m2\repository\org\hibernate\hibernate\3.2.1.ga\hibernate-3.2.1.ga.jar;C:\Users\victor\.m2\repository\net\sf\ehcache\ehcache\1.2.3\ehcache-1.2.3.jar;C:\Users\victor\.m2\repository\asm\asm-attrs\1.5.3\asm-attrs-1.5.3.jar;C:\Users\victor\.m2\repository\javax\persistence\persistence-api\1.0\persistence-api-1.0.jar;C:\Users\victor\.m2\repository\org\apache\geronimo\specs\geronimo-validation_1.0_spec\1.0-CR5\geronimo-validation_1.0_spec-1.0-CR5.jar;C:\Users\victor\.m2\repository\org\hibernate\hibernate-validator\4.0.2.GA\hibernate-validator-4.0.2.GA.jar;C:\Users\victor\.m2\repository\javax\validation\validation-api\1.0.0.GA\validation-api-1.0.0.GA.jar;C:\Users\victor\.m2\repository\com\oracle\ojdbc14\10.2.0.2.0\ojdbc14-10.2.0.2.0.jar;C:\Users\victor\.m2\repository\log4j\log4j\1.2.9\log4j-1.2.9.jar;C:\Users\victor\.m2\repository\org\apache\struts\struts2-tiles-plugin\2.2.3.1\struts2-tiles-plugin-2.2.3.1.jar;C:\Users\victor\.m2\repository\org\apache\struts\struts2-core\2.2.3.1\struts2-core-2.2.3.1.jar;C:\Users\victor\.m2\repository\org\apache\struts\xwork\xwork-core\2.2.3.1\xwork-core-2.2.3.1.jar;C:\Users\victor\.m2\repository\commons-lang\commons-lang\2.5\commons-lang-2.5.jar;C:\Users\victor\.m2\repository\asm\asm-commons\3.1\asm-commons-3.1.jar;C:\Users\victor\.m2\repository\asm\asm-tree\3.1\asm-tree-3.1.jar;C:\Users\victor\.m2\repository\org\freemarker\freemarker\2.3.16\freemarker-2.3.16.jar;C:\Users\victor\.m2\repository\ognl\ognl\3.0.1\ognl-3.0.1.jar;C:\Users\victor\.m2\repository\commons-fileupload\commons-fileupload\1.2.2\commons-fileupload-1.2.2.jar;C:\Users\victor\.m2\repository\commons-io\commons-io\2.0.1\commons-io-2.0.1.jar;C:\Users\victor\.m2\repository\org\apache\tiles\tiles-core\2.1.4\tiles-core-2.1.4.jar;C:\Users\victor\.m2\repository\org\apache\tiles\tiles-api\2.1.4\tiles-api-2.1.4.jar;C:\Users\victor\.m2\repository\commons-logging\commons-logging-api\1.1\commons-logging-api-1.1.jar;C:\Users\victor\.m2\repository\org\apache\tiles\tiles-jsp\2.1.4\tiles-jsp-2.1.4.jar;C:\Users\victor\.m2\repository\org\apache\tiles\tiles-servlet\2.1.4\tiles-servlet-2.1.4.jar;C:\Users\victor\.m2\repository\net\sf\jasperreports\jasperreports\3.7.6\jasperreports-3.7.6.jar;C:\Users\victor\.m2\repository\com\lowagie\itext\2.1.7\itext-2.1.7.jar;C:\Users\victor\.m2\repository\bouncycastle\bcmail-jdk14\138\bcmail-jdk14-138.jar;C:\Users\victor\.m2\repository\bouncycastle\bcprov-jdk14\138\bcprov-jdk14-138.jar;C:\Users\victor\.m2\repository\org\bouncycastle\bctsp-jdk14\1.38\bctsp-jdk14-1.38.jar;C:\Users\victor\.m2\repository\org\bouncycastle\bcprov-jdk14\1.38\bcprov-jdk14-1.38.jar;C:\Users\victor\.m2\repository\org\bouncycastle\bcmail-jdk14\1.38\bcmail-jdk14-1.38.jar;C:\Users\victor\.m2\repository\jfree\jcommon\1.0.15\jcommon-1.0.15.jar;C:\Users\victor\.m2\repository\jfree\jfreechart\1.0.12\jfreechart-1.0.12.jar;C:\Users\victor\.m2\repository\xml-apis\xml-apis\1.3.02\xml-apis-1.3.02.jar;C:\Users\victor\.m2\repository\eclipse\jdtcore\3.1.0\jdtcore-3.1.0.jar;C:\Users\victor\.m2\repository\org\apache\poi\poi\3.6\poi-3.6.jar;C:\Users\victor\.m2\repository\commons-logging\commons-logging\1.1\commons-logging-1.1.jar;C:\Users\victor\.m2\repository\logkit\logkit\1.0.1\logkit-1.0.1.jar;C:\Users\victor\.m2\repository\avalon-framework\avalon-framework\4.1.3\avalon-framework-4.1.3.jar;C:\Users\victor\.m2\repository\org\springframework\data\spring-data-jpa\1.0.1.RELEASE\spring-data-jpa-1.0.1.RELEASE.jar;C:\Users\victor\.m2\repository\org\springframework\data\spring-data-commons-core\1.1.0.RELEASE\spring-data-commons-core-1.1.0.RELEASE.jar;C:\Users\victor\.m2\repository\org\slf4j\jcl-over-slf4j\1.6.1\jcl-over-slf4j-1.6.1.jar;C:\Users\victor\.m2\repository\org\aspectj\aspectjrt\1.6.8\aspectjrt-1.6.8.jar;C:\Users\victor\.m2\repository\org\junit\com.springsource.org.junit\4.7.0\com.springsource.org.junit-4.7.0.jar;C:\Users\victor\.m2\repository\org\springframework\org.springframework.test\3.0.6.RELEASE\org.springframework.test-3.0.6.RELEASE.jar;C:\Users\victor\.m2\repository\javax\transaction\com.springsource.javax.transaction\1.1.0\com.springsource.javax.transaction-1.1.0.jar;C:\Users\victor\.m2\repository\ar\com\fdvs\DynamicJasper\3.1.2\DynamicJasper-3.1.2.jar;C:\Users\victor\.m2\repository\junit\junit\4.8.1\junit-4.8.1.jar;C:\Users\victor\.m2\repository\commons-digester\commons-digester\2.1\commons-digester-2.1.jar;C:\Users\victor\.m2\repository\commons-beanutils\commons-beanutils\1.8.3\commons-beanutils-1.8.3.jar;C:\Users\victor\.m2\repository\commons-collections\commons-collections\3.2.1\commons-collections-3.2.1.jar;C:\Users\victor\.m2\repository\org\codehaus\jackson\jackson-jaxrs\1.6.3\jackson-jaxrs-1.6.3.jar;C:\Users\victor\.m2\repository\org\codehaus\jackson\jackson-core-asl\1.6.3\jackson-core-asl-1.6.3.jar;C:\Users\victor\.m2\repository\org\codehaus\jackson\jackson-mapper-asl\1.6.3\jackson-mapper-asl-1.6.3.jar;"/>
    <property name="java.vm.specification.version" value="1.7"/>
    <property name="sun.arch.data.model" value="32"/>
    <property name="java.home" value="D:\Program Files\Java\jre7"/>
    <property name="sun.java.command" value="D:\Eclipse Workspace\CARE\target\surefire\surefirebooter5056763016779573282.jar D:\Eclipse Workspace\CARE\target\surefire\surefire888681138200515887tmp D:\Eclipse Workspace\CARE\target\surefire\surefire7226762907592075690tmp"/>
    <property name="java.specification.vendor" value="Oracle Corporation"/>
    <property name="user.language" value="en"/>
    <property name="awt.toolkit" value="sun.awt.windows.WToolkit"/>
    <property name="java.vm.info" value="mixed mode, sharing"/>
    <property name="java.version" value="1.7.0_05"/>
    <property name="java.ext.dirs" value="D:\Program Files\Java\jre7\lib\ext;C:\Windows\Sun\Java\lib\ext"/>
    <property name="sun.boot.class.path" value="D:\Program Files\Java\jre7\lib\resources.jar;D:\Program Files\Java\jre7\lib\rt.jar;D:\Program Files\Java\jre7\lib\sunrsasign.jar;D:\Program Files\Java\jre7\lib\jsse.jar;D:\Program Files\Java\jre7\lib\jce.jar;D:\Program Files\Java\jre7\lib\charsets.jar;D:\Program Files\Java\jre7\lib\jfr.jar;D:\Program Files\Java\jre7\classes"/>
    <property name="java.vendor" value="Oracle Corporation"/>
    <property name="localRepository" value="C:\Users\victor\.m2\repository"/>
    <property name="file.separator" value="\"/>
    <property name="java.vendor.url.bug" value="http://bugreport.sun.com/bugreport/"/>
    <property name="sun.cpu.endian" value="little"/>
    <property name="sun.io.unicode.encoding" value="UnicodeLittle"/>
    <property name="sun.desktop" value="windows"/>
    <property name="sun.cpu.isalist" value="pentium_pro+mmx pentium_pro pentium+mmx pentium i486 i386 i86"/>
  </properties>
  <testcase time="8.227" classname="org.gaddiel.model.AbstractSystemUsersTest" name="sampleTest">
    <error message="Could not open Hibernate Session for transaction; nested exception is org.hibernate.exception.JDBCConnectionException: Cannot open connection" type="org.springframework.transaction.CannotCreateTransactionException">org.springframework.transaction.CannotCreateTransactionException: Could not open Hibernate Session for transaction; nested exception is org.hibernate.exception.JDBCConnectionException: Cannot open connection
	at org.springframework.orm.hibernate3.HibernateTransactionManager.doBegin(HibernateTransactionManager.java:596)
	at org.springframework.transaction.support.AbstractPlatformTransactionManager.getTransaction(AbstractPlatformTransactionManager.java:371)
	at org.springframework.test.context.transaction.TransactionalTestExecutionListener$TransactionContext.startTransaction(TransactionalTestExecutionListener.java:507)
	at org.springframework.test.context.transaction.TransactionalTestExecutionListener.startNewTransaction(TransactionalTestExecutionListener.java:269)
	at org.springframework.test.context.transaction.TransactionalTestExecutionListener.beforeTestMethod(TransactionalTestExecutionListener.java:162)
	at org.springframework.test.context.TestContextManager.beforeTestMethod(TestContextManager.java:358)
	at org.springframework.test.context.junit4.statements.RunBeforeTestMethodCallbacks.evaluate(RunBeforeTestMethodCallbacks.java:73)
	at org.springframework.test.context.junit4.statements.RunAfterTestMethodCallbacks.evaluate(RunAfterTestMethodCallbacks.java:82)
	at org.springframework.test.context.junit4.statements.SpringRepeat.evaluate(SpringRepeat.java:72)
	at org.springframework.test.context.junit4.SpringJUnit4ClassRunner.runChild(SpringJUnit4ClassRunner.java:231)
	at org.junit.runners.BlockJUnit4ClassRunner.runChild(BlockJUnit4ClassRunner.java:50)
	at org.junit.runners.ParentRunner$3.run(ParentRunner.java:193)
	at org.junit.runners.ParentRunner$1.schedule(ParentRunner.java:52)
	at org.junit.runners.ParentRunner.runChildren(ParentRunner.java:191)
	at org.junit.runners.ParentRunner.access$000(ParentRunner.java:42)
	at org.junit.runners.ParentRunner$2.evaluate(ParentRunner.java:184)
	at org.springframework.test.context.junit4.statements.RunBeforeTestClassCallbacks.evaluate(RunBeforeTestClassCallbacks.java:61)
	at org.springframework.test.context.junit4.statements.RunAfterTestClassCallbacks.evaluate(RunAfterTestClassCallbacks.java:70)
	at org.junit.runners.ParentRunner.run(ParentRunner.java:236)
	at org.springframework.test.context.junit4.SpringJUnit4ClassRunner.run(SpringJUnit4ClassRunner.java:174)
	at org.apache.maven.surefire.junit4.JUnit4TestSet.execute(JUnit4TestSet.java:35)
	at org.apache.maven.surefire.junit4.JUnit4Provider.executeTestSet(JUnit4Provider.java:146)
	at org.apache.maven.surefire.junit4.JUnit4Provider.invoke(JUnit4Provider.java:97)
	at sun.reflect.NativeMethodAccessorImpl.invoke0(Native Method)
	at sun.reflect.NativeMethodAccessorImpl.invoke(Unknown Source)
	at sun.reflect.DelegatingMethodAccessorImpl.invoke(Unknown Source)
	at java.lang.reflect.Method.invoke(Unknown Source)
	at org.apache.maven.surefire.booter.ProviderFactory$ClassLoaderProxy.invoke(ProviderFactory.java:103)
	at $Proxy0.invoke(Unknown Source)
	at org.apache.maven.surefire.booter.SurefireStarter.invokeProvider(SurefireStarter.java:145)
	at org.apache.maven.surefire.booter.SurefireStarter.runSuitesInProcess(SurefireStarter.java:87)
	at org.apache.maven.surefire.booter.ForkedBooter.main(ForkedBooter.java:69)
Caused by: org.hibernate.exception.JDBCConnectionException: Cannot open connection
	at org.hibernate.exception.SQLStateConverter.convert(SQLStateConverter.java:99)
	at org.hibernate.exception.JDBCExceptionHelper.convert(JDBCExceptionHelper.java:66)
	at org.hibernate.exception.JDBCExceptionHelper.convert(JDBCExceptionHelper.java:52)
	at org.hibernate.jdbc.ConnectionManager.openConnection(ConnectionManager.java:449)
	at org.hibernate.jdbc.ConnectionManager.getConnection(ConnectionManager.java:167)
	at org.hibernate.jdbc.JDBCContext.connection(JDBCContext.java:160)
	at org.hibernate.transaction.JDBCTransaction.begin(JDBCTransaction.java:81)
	at org.hibernate.impl.SessionImpl.beginTransaction(SessionImpl.java:1473)
	at org.springframework.orm.hibernate3.HibernateTransactionManager.doBegin(HibernateTransactionManager.java:555)
	... 31 more
Caused by: com.mysql.jdbc.exceptions.jdbc4.CommunicationsException: Communications link failure

The last packet sent successfully to the server was 0 milliseconds ago. The driver has not received any packets from the server.
	at sun.reflect.NativeConstructorAccessorImpl.newInstance0(Native Method)
	at sun.reflect.NativeConstructorAccessorImpl.newInstance(Unknown Source)
	at sun.reflect.DelegatingConstructorAccessorImpl.newInstance(Unknown Source)
	at java.lang.reflect.Constructor.newInstance(Unknown Source)
	at com.mysql.jdbc.Util.handleNewInstance(Util.java:406)
	at com.mysql.jdbc.SQLError.createCommunicationsException(SQLError.java:1074)
	at com.mysql.jdbc.ConnectionImpl.createNewIO(ConnectionImpl.java:2214)
	at com.mysql.jdbc.ConnectionImpl.&lt;init&gt;(ConnectionImpl.java:781)
	at com.mysql.jdbc.JDBC4Connection.&lt;init&gt;(JDBC4Connection.java:46)
	at sun.reflect.NativeConstructorAccessorImpl.newInstance0(Native Method)
	at sun.reflect.NativeConstructorAccessorImpl.newInstance(Unknown Source)
	at sun.reflect.DelegatingConstructorAccessorImpl.newInstance(Unknown Source)
	at java.lang.reflect.Constructor.newInstance(Unknown Source)
	at com.mysql.jdbc.Util.handleNewInstance(Util.java:406)
	at com.mysql.jdbc.ConnectionImpl.getInstance(ConnectionImpl.java:352)
	at com.mysql.jdbc.NonRegisteringDriver.connect(NonRegisteringDriver.java:284)
	at org.apache.commons.dbcp.DriverConnectionFactory.createConnection(DriverConnectionFactory.java:82)
	at org.apache.commons.dbcp.PoolableConnectionFactory.makeObject(PoolableConnectionFactory.java:256)
	at org.apache.commons.pool.impl.GenericObjectPool.borrowObject(GenericObjectPool.java:816)
	at org.apache.commons.dbcp.PoolingDataSource.getConnection(PoolingDataSource.java:115)
	at org.apache.commons.dbcp.BasicDataSource.getConnection(BasicDataSource.java:430)
	at org.springframework.orm.hibernate3.LocalDataSourceConnectionProvider.getConnection(LocalDataSourceConnectionProvider.java:81)
	at org.hibernate.jdbc.ConnectionManager.openConnection(ConnectionManager.java:446)
	... 36 more
Caused by: com.mysql.jdbc.exceptions.jdbc4.CommunicationsException: Communications link failure

The last packet sent successfully to the server was 0 milliseconds ago. The driver has not received any packets from the server.
	at sun.reflect.NativeConstructorAccessorImpl.newInstance0(Native Method)
	at sun.reflect.NativeConstructorAccessorImpl.newInstance(Unknown Source)
	at sun.reflect.DelegatingConstructorAccessorImpl.newInstance(Unknown Source)
	at java.lang.reflect.Constructor.newInstance(Unknown Source)
	at com.mysql.jdbc.Util.handleNewInstance(Util.java:406)
	at com.mysql.jdbc.SQLError.createCommunicationsException(SQLError.java:1074)
	at com.mysql.jdbc.MysqlIO.&lt;init&gt;(MysqlIO.java:343)
	at com.mysql.jdbc.ConnectionImpl.createNewIO(ConnectionImpl.java:2137)
	... 52 more
Caused by: java.net.UnknownHostException: gaddiel
	at java.net.InetAddress.getAllByName0(Unknown Source)
	at java.net.InetAddress.getAllByName(Unknown Source)
	at java.net.InetAddress.getAllByName(Unknown Source)
	at com.mysql.jdbc.StandardSocketFactory.connect(StandardSocketFactory.java:243)
	at com.mysql.jdbc.MysqlIO.&lt;init&gt;(MysqlIO.java:292)
	... 53 more
</error>
    <system-out>@HL
@HL-------------------------------------------------------
@HL T E S T S
@HL-------------------------------------------------------
@SLRunning org.gaddiel.model.AbstractSystemUsersTest
</system-out>
    <system-err>SLF4J: Failed to load class &quot;org.slf4j.impl.StaticLoggerBinder&quot;.
SLF4J: Defaulting to no-operation (NOP) logger implementation
SLF4J: See http://www.slf4j.org/codes.html#StaticLoggerBinder for further details.
</system-err>
  </testcase>
</testsuite>